CONEXION EXITOSA A BD
### Cargando data en DOTBTC 5m ###
### Obteniendo data historica DOTBTC 5m ###
### Leyendo datos de archivo:  ./data/ticks/DOTBTC5m.json
### Obteniendo data del ultimo mes DOTBTC 5m
### Obteniendo data del dia DOTBTC 5m
### Añadiendo indicadores al dataset ###
len inicial:   300
### Cargando data en ETHBTC 5m ###
### Obteniendo data historica ETHBTC 5m ###
### Leyendo datos de archivo:  ./data/ticks/ETHBTC5m.json
### Obteniendo data del ultimo mes ETHBTC 5m
### Obteniendo data del dia ETHBTC 5m
### Añadiendo indicadores al dataset ###
len inicial:   300
### Cargando data en SOLBTC 5m ###
### Obteniendo data historica SOLBTC 5m ###
### Leyendo datos de archivo:  ./data/ticks/SOLBTC5m.json
### Obteniendo data del ultimo mes SOLBTC 5m
### Obteniendo data del dia SOLBTC 5m
### Añadiendo indicadores al dataset ###
len inicial:   300
### Obteniendo data del dia DOTBTC 5m
###########################################
### Obteniendo data del dia ETHBTC 5m
###########################################
### Obteniendo data del dia SOLBTC 5m
###########################################
wss://stream.binance.com:9443/stream?streams=dotbtc@kline_5m/ethbtc@kline_5m/solbtc@kline_5m
open
closed
